22/06/28 11:21:59 669 [debug]: 3216번 포트에서 백엔드가 구동되었습니다.
22/06/28 11:21:59 671 [debug]: ----------------------------
22/06/28 11:21:59 671 [debug]: http://192.168.35.6:3216
22/06/28 11:22:12 039 [debug]: 프론트엔드가 접속했습니다. : ::ffff:192.168.35.6, 6163
22/06/28 11:22:12 040 [debug]: [object Object]
22/06/28 11:22:12 041 [debug]: 프론트엔드가 접속했습니다. : ::ffff:192.168.35.6, 6164
22/06/28 11:22:12 042 [debug]: [object Object]
22/06/28 11:22:12 043 [debug]: 프론트엔드의 오청 >> [GET]/
22/06/28 11:22:12 114 [debug]: 프론트엔드의 오청 >> [GET]/favicon.ico
22/06/28 12:10:09 944 [debug]: 3217번 포트에서 백엔드가 구동되었습니다.
22/06/28 12:10:09 946 [debug]: -------------------
22/06/28 12:10:09 947 [debug]: http://192.168.35.6:3217
22/06/28 12:10:17 599 [debug]: 프론트엔드가 접속헀습니다. : ::ffff:192.168.35.6, 6821
22/06/28 12:10:17 600 [debug]: [object Object]
22/06/28 12:10:17 601 [debug]: 프론트엔드의 요청 >> [GET] /
22/06/28 12:10:17 605 [debug]: 프론트엔드가 접속헀습니다. : ::ffff:192.168.35.6, 6822
22/06/28 12:10:17 605 [debug]: [object Object]
22/06/28 12:10:17 643 [debug]: 프론트엔드의 요청 >> [GET] /favicon.ico
22/06/28 12:10:33 078 [debug]: 프론트엔드가 접속헀습니다. : ::1, 6832
22/06/28 12:10:33 079 [debug]: [object Object]
22/06/28 12:10:33 080 [debug]: 프론트엔드가 접속헀습니다. : ::1, 6833
22/06/28 12:10:33 081 [debug]: [object Object]
22/06/28 12:10:33 081 [debug]: 프론트엔드의 요청 >> [GET] /
22/06/28 12:10:33 119 [debug]: 프론트엔드의 요청 >> [GET] /favicon.ico
22/06/28 12:10:36 598 [debug]: 프론트엔드의 요청 >> [GET] /
22/06/28 12:10:36 631 [debug]: 프론트엔드의 요청 >> [GET] /favicon.ico
22/06/28 12:11:03 956 [debug]: 프론트엔드가 접속헀습니다. : ::1, 6846
22/06/28 12:11:03 956 [debug]: [object Object]
22/06/28 12:11:03 957 [debug]: 프론트엔드의 요청 >> [GET] /
22/06/28 12:11:04 001 [debug]: 프론트엔드의 요청 >> [GET] /favicon.ico
22/06/28 12:11:07 917 [debug]: 프론트엔드의 요청 >> [GET] /
22/06/28 12:11:07 952 [debug]: 프론트엔드의 요청 >> [GET] /favicon.ico
22/06/28 12:11:44 883 [debug]: 프론트엔드가 접속헀습니다. : ::1, 6857
22/06/28 12:11:44 883 [debug]: [object Object]
22/06/28 12:11:44 884 [debug]: 프론트엔드의 요청 >> [GET] /
22/06/28 12:11:44 924 [debug]: 프론트엔드의 요청 >> [GET] /favicon.ico
22/06/28 12:12:33 420 [debug]: 프론트엔드가 접속헀습니다. : ::1, 6870
22/06/28 12:12:33 420 [debug]: [object Object]
22/06/28 12:12:33 421 [debug]: 프론트엔드의 요청 >> [GET] /
22/06/28 12:12:33 466 [debug]: 프론트엔드의 요청 >> [GET] /favicon.ico
22/06/28 12:13:53 867 [debug]: 프론트엔드가 접속헀습니다. : ::1, 6897
22/06/28 12:13:53 867 [debug]: [object Object]
22/06/28 12:13:53 868 [debug]: 프론트엔드가 접속헀습니다. : ::1, 6898
22/06/28 12:13:53 868 [debug]: [object Object]
22/06/28 12:13:53 869 [debug]: 프론트엔드의 요청 >> [GET] /
22/06/28 12:13:53 902 [debug]: 프론트엔드의 요청 >> [GET] /favicon.ico
22/06/28 12:15:07 811 [debug]: 프론트엔드가 접속헀습니다. : ::1, 6923
22/06/28 12:15:07 812 [debug]: [object Object]
22/06/28 12:15:07 812 [debug]: 프론트엔드가 접속헀습니다. : ::1, 6924
22/06/28 12:15:07 812 [debug]: [object Object]
22/06/28 12:15:07 813 [debug]: 프론트엔드의 요청 >> [GET] /
22/06/28 12:15:07 850 [debug]: 프론트엔드의 요청 >> [GET] /favicon.ico
22/06/28 12:17:15 089 [debug]: 프론트엔드가 접속헀습니다. : ::1, 6955
22/06/28 12:17:15 090 [debug]: [object Object]
22/06/28 12:17:15 090 [debug]: 프론트엔드가 접속헀습니다. : ::1, 6956
22/06/28 12:17:15 091 [debug]: [object Object]
22/06/28 12:17:15 091 [debug]: 프론트엔드의 요청 >> [GET] /
22/06/28 12:17:15 131 [debug]: 프론트엔드의 요청 >> [GET] /favicon.ico
22/06/28 12:17:21 443 [debug]: 프론트엔드가 접속헀습니다. : ::1, 6958
22/06/28 12:18:04 992 [debug]: 3217번 포트에서 백엔드가 구동되었습니다.
22/06/28 12:18:04 994 [debug]: -------------------
22/06/28 12:18:04 994 [debug]: http://192.168.35.6:3217
22/06/28 12:18:11 589 [debug]: 프론트엔드가 접속헀습니다. : ::ffff:192.168.35.6, 7009
22/06/28 12:18:11 590 [debug]: [object Object]
22/06/28 12:18:11 591 [debug]: 프론트엔드의 요청 >> [GET] /
22/06/28 12:18:11 595 [debug]: 프론트엔드가 접속헀습니다. : ::ffff:192.168.35.6, 7010
22/06/28 12:18:11 596 [debug]: [object Object]
22/06/28 12:18:11 642 [debug]: 프론트엔드의 요청 >> [GET] /favicon.ico
22/06/28 12:18:18 636 [debug]: 프론트엔드가 접속헀습니다. : ::ffff:192.168.35.6, 7023
22/06/28 12:19:20 542 [debug]: 3217번 포트에서 백엔드가 구동되었습니다.
22/06/28 12:19:20 544 [debug]: -------------------
22/06/28 12:19:20 545 [debug]: http://192.168.35.6:3217
22/06/28 12:19:24 053 [debug]: 프론트엔드가 접속헀습니다. : ::ffff:192.168.35.6, 7050
22/06/28 12:19:27 335 [debug]: 3217번 포트에서 백엔드가 구동되었습니다.
22/06/28 12:19:27 337 [debug]: -------------------
22/06/28 12:19:27 338 [debug]: http://192.168.35.6:3217
22/06/28 12:20:10 136 [debug]: 3217번 포트에서 백엔드가 구동되었습니다.
22/06/28 12:20:10 138 [debug]: -------------------
22/06/28 12:20:10 138 [debug]: http://192.168.35.6:3217
22/06/28 12:20:22 403 [debug]: 프론트엔드가 접속헀습니다. : ::ffff:192.168.35.6, 7067
22/06/28 12:20:22 404 [debug]: [object Object]
22/06/28 12:20:22 405 [debug]: 프론트엔드가 접속헀습니다. : ::ffff:192.168.35.6, 7068
22/06/28 12:20:22 405 [debug]: [object Object]
22/06/28 12:20:22 407 [debug]: 프론트엔드의 요청 >> [GET] /sample.html
22/06/28 12:20:22 477 [debug]: 프론트엔드의 요청 >> [GET] /favicon.ico
22/06/28 12:20:27 379 [debug]: 프론트엔드가 접속헀습니다. : ::1, 7072
22/06/28 12:20:27 379 [debug]: [object Object]
22/06/28 12:20:27 380 [debug]: 프론트엔드가 접속헀습니다. : ::1, 7073
22/06/28 12:20:27 381 [debug]: [object Object]
22/06/28 12:20:27 382 [debug]: 프론트엔드의 요청 >> [GET] /
22/06/28 12:20:27 429 [debug]: 프론트엔드의 요청 >> [GET] /favicon.ico
22/06/28 12:20:34 308 [debug]: 프론트엔드의 요청 >> [GET] /sample.html
22/06/28 12:20:34 310 [debug]: 프론트엔드가 접속헀습니다. : ::1, 7075
22/06/28 12:20:34 310 [debug]: [object Object]
22/06/28 12:20:34 348 [debug]: 프론트엔드의 요청 >> [GET] /favicon.ico
22/06/28 12:23:45 300 [debug]: 프론트엔드가 접속헀습니다. : ::1, 7116
22/06/28 12:23:45 301 [debug]: [object Object]
22/06/28 12:23:45 301 [debug]: 프론트엔드가 접속헀습니다. : ::1, 7117
22/06/28 12:23:45 301 [debug]: [object Object]
22/06/28 12:23:45 302 [debug]: 프론트엔드의 요청 >> [GET] /sample.html
22/06/28 12:23:45 330 [debug]: 프론트엔드의 요청 >> [GET] /favicon.ico
22/06/28 12:24:00 970 [debug]: 프론트엔드가 접속헀습니다. : ::1, 7122
22/06/28 12:24:00 970 [debug]: [object Object]
22/06/28 12:24:00 971 [debug]: 프론트엔드의 요청 >> [GET] /
22/06/28 12:24:00 999 [debug]: 프론트엔드의 요청 >> [GET] /favicon.ico
22/06/28 12:24:06 375 [debug]: 프론트엔드가 접속헀습니다. : ::1, 7124
22/06/28 12:24:06 375 [debug]: [object Object]
22/06/28 12:24:06 375 [debug]: 프론트엔드의 요청 >> [GET] /sample.html
22/06/28 12:24:06 399 [debug]: 프론트엔드의 요청 >> [GET] /favicon.ico
22/06/28 12:24:47 579 [debug]: 프론트엔드가 접속헀습니다. : ::1, 7131
22/06/28 12:24:47 580 [debug]: [object Object]
22/06/28 12:24:47 580 [debug]: 프론트엔드의 요청 >> [GET] /sample.html
22/06/28 12:24:47 603 [debug]: 프론트엔드의 요청 >> [GET] /favicon.ico
22/06/28 12:24:48 939 [debug]: 프론트엔드의 요청 >> [GET] /
22/06/28 12:24:49 994 [debug]: 프론트엔드의 요청 >> [POST] /
22/06/28 12:24:50 833 [debug]: 프론트엔드의 요청 >> [PUT] /
22/06/28 12:24:51 466 [debug]: 프론트엔드의 요청 >> [DELETE] /
22/06/28 12:24:52 593 [debug]: 프론트엔드의 요청 >> [GET] /
22/06/28 12:24:53 713 [debug]: 프론트엔드의 요청 >> [POST] /
22/06/28 12:24:54 873 [debug]: 프론트엔드의 요청 >> [PUT] /
22/06/28 12:24:55 321 [debug]: 프론트엔드의 요청 >> [DELETE] /
